<?xml version="1.0" encoding="UTF-8"?>
<testng-results ignored="0" total="2" passed="2" failed="0" skipped="0">
  <reporter-output>
  </reporter-output>
  <suite started-at="2024-04-03T13:07:42 IST" name="Default suite" finished-at="2024-04-03T13:07:51 IST" duration-ms="8073">
    <groups>
      <group name="cucumber">
        <method signature="AbstractTestNGCucumberTests.runScenario(io.cucumber.testng.PickleWrapper,io.cucumber.testng.FeatureWrapper)[pri:0, instance:runners.MyTestNGRunnerTest@1a245833]" name="runScenario" class="io.cucumber.testng.AbstractTestNGCucumberTests"/>
      </group> <!-- cucumber -->
    </groups>
    <test started-at="2024-04-03T13:07:42 IST" name="Default test" finished-at="2024-04-03T13:07:51 IST" duration-ms="8073">
      <class name="runners.MyTestNGRunnerTest">
        <test-method is-config="true" signature="setUpClass(org.testng.ITestContext)[pri:0, instance:runners.MyTestNGRunnerTest@1a245833]" started-at="2024-04-03T13:07:43 IST" name="setUpClass" finished-at="2024-04-03T13:07:43 IST" duration-ms="583" status="PASS">
          <params>
            <param index="0">
              <value>
                <![CDATA[org.testng.TestRunner@77e2a6e2]]>
              </value>
            </param>
          </params>
          <reporter-output>
          </reporter-output>
        </test-method> <!-- setUpClass -->
        <test-method signature="runScenario(io.cucumber.testng.PickleWrapper,io.cucumber.testng.FeatureWrapper)[pri:0, instance:runners.MyTestNGRunnerTest@1a245833]" started-at="2024-04-03T13:07:43 IST" name="runScenario" description="Runs Cucumber Scenarios" data-provider="scenarios" finished-at="2024-04-03T13:07:51 IST" duration-ms="7397" status="PASS">
          <params>
            <param index="0">
              <value>
                <![CDATA["Add one quantity from Store"]]>
              </value>
            </param>
            <param index="1">
              <value>
                <![CDATA["Add to Cart"]]>
              </value>
            </param>
          </params>
          <reporter-output>
          </reporter-output>
        </test-method> <!-- runScenario -->
        <test-method signature="runScenario(io.cucumber.testng.PickleWrapper,io.cucumber.testng.FeatureWrapper)[pri:0, instance:runners.MyTestNGRunnerTest@1a245833]" started-at="2024-04-03T13:07:43 IST" name="runScenario" description="Runs Cucumber Scenarios" data-provider="scenarios" finished-at="2024-04-03T13:07:50 IST" duration-ms="7383" status="PASS">
          <params>
            <param index="0">
              <value>
                <![CDATA["Add one quantity from Store"]]>
              </value>
            </param>
            <param index="1">
              <value>
                <![CDATA["Add to Cart"]]>
              </value>
            </param>
          </params>
          <reporter-output>
          </reporter-output>
        </test-method> <!-- runScenario -->
        <test-method is-config="true" signature="tearDownClass()[pri:0, instance:runners.MyTestNGRunnerTest@1a245833]" started-at="2024-04-03T13:07:51 IST" name="tearDownClass" finished-at="2024-04-03T13:07:51 IST" duration-ms="29" status="PASS">
          <reporter-output>
          </reporter-output>
        </test-method> <!-- tearDownClass -->
      </class> <!-- runners.MyTestNGRunnerTest -->
    </test> <!-- Default test -->
  </suite> <!-- Default suite -->
</testng-results>
